#
# A fatal error has been detected by the Java Runtime Environment:
#
#  SIGSEGV (0xb) at pc=0x0000000000000000, pid=92117, tid=0x0000000000002e03
#
# JRE version: Java(TM) SE Runtime Environment (8.0_92-b14) (build 1.8.0_92-b14)
# Java VM: Java HotSpot(TM) 64-Bit Server VM (25.92-b14 mixed mode bsd-amd64 compressed oops)
# Problematic frame:
# C  0x0000000000000000
#
# Failed to write core dump. Core dumps have been disabled. To enable core dumping, try "ulimit -c unlimited" before starting Java again
#
# If you would like to submit a bug report, please visit:
#   http://bugreport.java.com/bugreport/crash.jsp
#

---------------  T H R E A D  ---------------

Current thread (0x00007fbcc2807800):  GCTaskThread [stack: 0x000070000072c000,0x000070000082c000] [id=11779]

siginfo: si_signo: 11 (SIGSEGV), si_code: 1 (SEGV_MAPERR), si_addr: 0x0000000000000000

Registers:
RAX=0x000000000000004b, RBX=0x000000000000000d, RCX=0x0000000000000003, RDX=0x00000007b6c43800
RSP=0x000070000082bbd8, RBP=0x000070000082bc40, RSI=0x00007fbcc38514c0, RDI=0x00000007c0218180
R8 =0x0000000102ee8f90, R9 =0x00000007b6c3d050, R10=0x00000007b6c45050, R11=0xfffffffff999ef48
R12=0x0000000000000001, R13=0x00000007b6c43800, R14=0x00007fbcc38514c0, R15=0x00000001127bba18
RIP=0x0000000000000000, EFLAGS=0x0000000000010217, ERR=0x0000000000000014
  TRAPNO=0x000000000000000e

Top of Stack: (sp=0x000070000082bbd8)
0x000070000082bbd8:   0000000102ac2d22 0000580100005900
0x000070000082bbe8:   00000007bd2a48b8 00000007b6c3d050
0x000070000082bbf8:   0000000000001000 0000000000000000
0x000070000082bc08:   0000000000000000 0000000000000015
0x000070000082bc18:   00000007b6c422dd 0000000102edecc6
0x000070000082bc28:   00000007b6c422dd 00000007b6c422dc
0x000070000082bc38:   00007fbcc3851558 000070000082bc60
0x000070000082bc48:   0000000102ac2e4f 00007fbcc38514c0
0x000070000082bc58:   00007fbcc3851520 000070000082bcc0
0x000070000082bc68:   0000000102ac1e6f 0000000781fb57f4
0x000070000082bc78:   00000007c0167880 00000007b6c422dd
0x000070000082bc88:   00000007c0167880 00007fbcc38514c0
0x000070000082bc98:   0000000781fb5810 000000010b7a6dac
0x000070000082bca8:   0000000781fb5800 000000010b7a6e01
0x000070000082bcb8:   0000000000000240 000070000082bd80
0x000070000082bcc8:   000000010275747c 0000000000005800
0x000070000082bcd8:   0000000000000400 fffffffef482d977
0x000070000082bce8:   0000000000000180 000000010b7d2687
0x000070000082bcf8:   0000000107b97180 000000010b7d2688
0x000070000082bd08:   0000000003c0fc00 fffffffef48591ff
0x000070000082bd18:   0000000003c3b688 000000010b7a6e00
0x000070000082bd28:   000000010b7a6d81 00000007876d0f18
0x000070000082bd38:   0000000781fc0000 00007fbcc1e01230
0x000070000082bd48:   00007fbcc38514c0 00007fbcc1e00fb0
0x000070000082bd58:   00007fbcc1e0a5a0 0000000000000000
0x000070000082bd68:   0000000102c0d4b8 00007fbcc38514c0
0x000070000082bd78:   0000000000000001 000070000082bdb0
0x000070000082bd88:   0000000102ac59a3 0000000000000008
0x000070000082bd98:   00007fbcc1e043e0 00007fbcc2807800
0x000070000082bda8:   00007fbcc1e0a5a0 000070000082be90
0x000070000082bdb8:   0000000102875daf 000070000082bdf0
0x000070000082bdc8:   00007fbcc1d04eb0 00007fbcc1d05440 

Instructions: (pc=0x0000000000000000)
0xffffffffffffffe0:   

Register to memory mapping:

RAX=0x000000000000004b is an unknown value
RBX=0x000000000000000d is an unknown value
RCX=0x0000000000000003 is an unknown value
RDX=0x00000007b6c43800 is an oop

[error occurred during error reporting (printing register info), id 0xb]

Stack: [0x000070000072c000,0x000070000082c000],  sp=0x000070000082bbd8,  free space=1022k

---------------  P R O C E S S  ---------------

Java Threads: ( => current thread )
  0x00007fbcc3a37000 JavaThread "ScalaTest-dispatcher" [_thread_blocked, id=32775, stack(0x0000700002228000,0x0000700002328000)]
  0x00007fbcc3e00000 JavaThread "ForkJoinPool-2-worker-15" daemon [_thread_blocked, id=34307, stack(0x0000700002a40000,0x0000700002b40000)]
  0x00007fbcc631c000 JavaThread "pool-4-thread-9" [_thread_blocked, id=28675, stack(0x0000700002125000,0x0000700002225000)]
  0x00007fbcc4a3e000 JavaThread "pool-4-thread-8" [_thread_blocked, id=28163, stack(0x0000700002022000,0x0000700002122000)]
  0x00007fbcc6e5a800 JavaThread "pool-4-thread-7" [_thread_blocked, id=27651, stack(0x0000700001f1f000,0x000070000201f000)]
  0x00007fbcc6e59800 JavaThread "pool-4-thread-6" [_thread_blocked, id=27139, stack(0x0000700001e1c000,0x0000700001f1c000)]
  0x00007fbcc888c000 JavaThread "pool-4-thread-5" [_thread_blocked, id=25867, stack(0x0000700001d19000,0x0000700001e19000)]
  0x00007fbcc4a2d800 JavaThread "pool-4-thread-4" [_thread_blocked, id=25107, stack(0x0000700001c16000,0x0000700001d16000)]
  0x00007fbcc888a800 JavaThread "pool-4-thread-3" [_thread_blocked, id=23567, stack(0x0000700001b13000,0x0000700001c13000)]
  0x00007fbcc5b7b000 JavaThread "pool-4-thread-2" [_thread_blocked, id=26383, stack(0x0000700001a10000,0x0000700001b10000)]
  0x00007fbcc8889000 JavaThread "pool-4-thread-1" [_thread_blocked, id=23823, stack(0x000070000190d000,0x0000700001a0d000)]
  0x00007fbcc90dd800 JavaThread "sbt-web-akka.actor.default-dispatcher-4" [_thread_blocked, id=26891, stack(0x000070000180a000,0x000070000190a000)]
  0x00007fbcc2ae3000 JavaThread "sbt-web-akka.actor.default-dispatcher-3" [_thread_blocked, id=26635, stack(0x0000700001707000,0x0000700001807000)]
  0x00007fbcc7c00000 JavaThread "sbt-web-akka.actor.default-dispatcher-2" [_thread_blocked, id=25615, stack(0x0000700001604000,0x0000700001704000)]
  0x00007fbcc3976000 JavaThread "sbt-web-scheduler-1" [_thread_blocked, id=23055, stack(0x0000700001501000,0x0000700001601000)]
  0x00007fbcc395e800 JavaThread "process reaper" daemon [_thread_blocked, id=22019, stack(0x00007000014d6000,0x00007000014fe000)]
  0x00007fbcc305e000 JavaThread "Service Thread" daemon [_thread_blocked, id=20995, stack(0x00007000012d0000,0x00007000013d0000)]
  0x00007fbcc2812000 JavaThread "C1 CompilerThread3" daemon [_thread_blocked, id=20483, stack(0x00007000011cd000,0x00007000012cd000)]
  0x00007fbcc2004000 JavaThread "C2 CompilerThread2" daemon [_thread_in_native, id=19971, stack(0x00007000010ca000,0x00007000011ca000)]
  0x00007fbcc301d000 JavaThread "C2 CompilerThread1" daemon [_thread_blocked, id=19459, stack(0x0000700000fc7000,0x00007000010c7000)]
  0x00007fbcc385d000 JavaThread "C2 CompilerThread0" daemon [_thread_blocked, id=18947, stack(0x0000700000ec4000,0x0000700000fc4000)]
  0x00007fbcc385c800 JavaThread "Signal Dispatcher" daemon [_thread_blocked, id=15887, stack(0x0000700000dc1000,0x0000700000ec1000)]
  0x00007fbcc280b800 JavaThread "Finalizer" daemon [_thread_blocked, id=14339, stack(0x0000700000c3b000,0x0000700000d3b000)]
  0x00007fbcc300c800 JavaThread "Reference Handler" daemon [_thread_blocked, id=13827, stack(0x0000700000b38000,0x0000700000c38000)]
  0x00007fbcc200a800 JavaThread "main" [_thread_blocked, id=5891, stack(0x000070000011a000,0x000070000021a000)]

Other Threads:
  0x00007fbcc3852000 VMThread [stack: 0x0000700000a35000,0x0000700000b35000] [id=13315]
  0x00007fbcc301d800 WatcherThread [stack: 0x00007000013d3000,0x00007000014d3000] [id=21507]

=>0x00007fbcc2807800 (exited) GCTaskThread [stack: 0x000070000072c000,0x000070000082c000] [id=11779]

VM state:at safepoint (normal execution)

VM Mutex/Monitor currently owned by a thread:  ([mutex/lock_event])
[0x00007fbcc1d03710] Threads_lock - owner thread: 0x00007fbcc3852000
[0x00007fbcc1d03c10] Heap_lock - owner thread: 0x00007fbcc888a800

Heap:
 PSYoungGen      total 242688K, used 234594K [0x00000007aab00000, 0x00000007c0000000, 0x00000007c0000000)
  eden space 192512K, 95% used [0x00000007aab00000,0x00000007b5f1e288,0x00000007b6700000)
  from space 50176K, 99% used [0x00000007bcf00000,0x00000007bfffa8b8,0x00000007c0000000)
  to   space 78336K, 67% used [0x00000007b6700000,0x00000007b9a8c818,0x00000007bb380000)
 ParOldGen       total 699392K, used 121675K [0x0000000780000000, 0x00000007aab00000, 0x00000007aab00000)
  object space 699392K, 17% used [0x0000000780000000,0x00000007876d2f18,0x00000007aab00000)
 Metaspace       used 118474K, capacity 119133K, committed 119468K, reserved 1148928K
  class space    used 19659K, capacity 19863K, committed 19884K, reserved 1048576K

Card table byte_map: [0x000000010b797000,0x000000010b998000] byte_map_base: 0x0000000107b97000

Marking Bits: (ParMarkBitMap*) 0x0000000102ee8bd0
 Begin Bits: [0x000000010baee000, 0x000000010caee000)
 End Bits:   [0x000000010caee000, 0x000000010daee000)

Polling page: 0x0000000101525000

CodeCache: size=131072Kb used=43812Kb max_used=43838Kb free=87259Kb
 bounds [0x0000000103597000, 0x00000001060a7000, 0x000000010b597000]
 total_blobs=14450 nmethods=13864 adapters=494
 compilation: enabled

Compilation events (10 events):
Event: 15.879 Thread 0x00007fbcc2812000 16817       1       java.lang.StackTraceElement::getClassName (5 bytes)
Event: 15.879 Thread 0x00007fbcc2812000 nmethod 16817 0x00000001059f1810 code [0x00000001059f1960, 0x00000001059f1a70]
Event: 15.891 Thread 0x00007fbcc385d000 16818       4       scala.reflect.ClassTag$::apply (374 bytes)
Event: 15.892 Thread 0x00007fbcc2812000 16819       3       java.net.URLClassLoader::defineClass (142 bytes)
Event: 15.893 Thread 0x00007fbcc2812000 nmethod 16819 0x0000000106092ad0 code [0x0000000106092e40, 0x0000000106095118]
Event: 15.894 Thread 0x00007fbcc385d000 nmethod 16818 0x00000001059f1050 code [0x00000001059f11e0, 0x00000001059f1578]
Event: 15.921 Thread 0x00007fbcc2812000 16820       1       java.util.logging.LogManager$LoggerContext::getOwner (5 bytes)
Event: 15.921 Thread 0x00007fbcc2812000 nmethod 16820 0x00000001059f0d90 code [0x00000001059f0ee0, 0x00000001059f0ff0]
Event: 15.979 Thread 0x00007fbcc301d000 nmethod 16816 0x000000010609d110 code [0x000000010609d5a0, 0x00000001060a1028]
Event: 16.001 Thread 0x00007fbcc385d000 16821   !   4       sun.misc.URLClassPath$FileLoader::getResource (164 bytes)

GC Heap History (10 events):
Event: 8.636 GC heap after
Heap after GC invocations=15 (full 4):
 PSYoungGen      total 300544K, used 29800K [0x00000007aab00000, 0x00000007c0000000, 0x00000007c0000000)
  eden space 251904K, 0% used [0x00000007aab00000,0x00000007aab00000,0x00000007ba100000)
  from space 48640K, 61% used [0x00000007ba100000,0x00000007bbe1a3d8,0x00000007bd080000)
  to   space 48128K, 0% used [0x00000007bd100000,0x00000007bd100000,0x00000007c0000000)
 ParOldGen       total 699392K, used 33721K [0x0000000780000000, 0x00000007aab00000, 0x00000007aab00000)
  object space 699392K, 4% used [0x0000000780000000,0x00000007820ee568,0x00000007aab00000)
 Metaspace       used 62559K, capacity 63114K, committed 63360K, reserved 1101824K
  class space    used 11400K, capacity 11569K, committed 11648K, reserved 1048576K
}
Event: 9.293 GC heap before
{Heap before GC invocations=16 (full 4):
 PSYoungGen      total 300544K, used 172228K [0x00000007aab00000, 0x00000007c0000000, 0x00000007c0000000)
  eden space 251904K, 56% used [0x00000007aab00000,0x00000007b3616d20,0x00000007ba100000)
  from space 48640K, 61% used [0x00000007ba100000,0x00000007bbe1a3d8,0x00000007bd080000)
  to   space 48128K, 0% used [0x00000007bd100000,0x00000007bd100000,0x00000007c0000000)
 ParOldGen       total 699392K, used 33721K [0x0000000780000000, 0x00000007aab00000, 0x00000007aab00000)
  object space 699392K, 4% used [0x0000000780000000,0x00000007820ee568,0x00000007aab00000)
 Metaspace       used 70979K, capacity 71528K, committed 71680K, reserved 1107968K
  class space    used 12990K, capacity 13151K, committed 13184K, reserved 1048576K
Event: 9.312 GC heap after
Heap after GC invocations=16 (full 4):
 PSYoungGen      total 296960K, used 35807K [0x00000007aab00000, 0x00000007c0000000, 0x00000007c0000000)
  eden space 248832K, 0% used [0x00000007aab00000,0x00000007aab00000,0x00000007b9e00000)
  from space 48128K, 74% used [0x00000007bd100000,0x00000007bf3f7d78,0x00000007c0000000)
  to   space 50176K, 0% used [0x00000007b9e00000,0x00000007b9e00000,0x00000007bcf00000)
 ParOldGen       total 699392K, used 45085K [0x0000000780000000, 0x00000007aab00000, 0x00000007aab00000)
  object space 699392K, 6% used [0x0000000780000000,0x0000000782c07528,0x00000007aab00000)
 Metaspace       used 70979K, capacity 71528K, committed 71680K, reserved 1107968K
  class space    used 12990K, capacity 13151K, committed 13184K, reserved 1048576K
}
Event: 9.312 GC heap before
{Heap before GC invocations=17 (full 5):
 PSYoungGen      total 296960K, used 35807K [0x00000007aab00000, 0x00000007c0000000, 0x00000007c0000000)
  eden space 248832K, 0% used [0x00000007aab00000,0x00000007aab00000,0x00000007b9e00000)
  from space 48128K, 74% used [0x00000007bd100000,0x00000007bf3f7d78,0x00000007c0000000)
  to   space 50176K, 0% used [0x00000007b9e00000,0x00000007b9e00000,0x00000007bcf00000)
 ParOldGen       total 699392K, used 45085K [0x0000000780000000, 0x00000007aab00000, 0x00000007aab00000)
  object space 699392K, 6% used [0x0000000780000000,0x0000000782c07528,0x00000007aab00000)
 Metaspace       used 70979K, capacity 71528K, committed 71680K, reserved 1107968K
  class space    used 12990K, capacity 13151K, committed 13184K, reserved 1048576K
Event: 9.475 GC heap after
Heap after GC invocations=17 (full 5):
 PSYoungGen      total 296960K, used 0K [0x00000007aab00000, 0x00000007c0000000, 0x00000007c0000000)
  eden space 248832K, 0% used [0x00000007aab00000,0x00000007aab00000,0x00000007b9e00000)
  from space 48128K, 0% used [0x00000007bd100000,0x00000007bd100000,0x00000007c0000000)
  to   space 50176K, 0% used [0x00000007b9e00000,0x00000007b9e00000,0x00000007bcf00000)
 ParOldGen       total 699392K, used 73914K [0x0000000780000000, 0x00000007aab00000, 0x00000007aab00000)
  object space 699392K, 10% used [0x0000000780000000,0x000000078482e980,0x00000007aab00000)
 Metaspace       used 70965K, capacity 71510K, committed 71680K, reserved 1107968K
  class space    used 12986K, capacity 13145K, committed 13184K, reserved 1048576K
}
Event: 12.941 GC heap before
{Heap before GC invocations=18 (full 5):
 PSYoungGen      total 296960K, used 248832K [0x00000007aab00000, 0x00000007c0000000, 0x00000007c0000000)
  eden space 248832K, 100% used [0x00000007aab00000,0x00000007b9e00000,0x00000007b9e00000)
  from space 48128K, 0% used [0x00000007bd100000,0x00000007bd100000,0x00000007c0000000)
  to   space 50176K, 0% used [0x00000007b9e00000,0x00000007b9e00000,0x00000007bcf00000)
 ParOldGen       total 699392K, used 73914K [0x0000000780000000, 0x00000007aab00000, 0x00000007aab00000)
  object space 699392K, 10% used [0x0000000780000000,0x000000078482e980,0x00000007aab00000)
 Metaspace       used 92139K, capacity 92801K, committed 93056K, reserved 1126400K
  class space    used 16077K, capacity 16251K, committed 16256K, reserved 1048576K
Event: 12.990 GC heap after
Heap after GC invocations=18 (full 5):
 PSYoungGen      total 299008K, used 50160K [0x00000007aab00000, 0x00000007c0000000, 0x00000007c0000000)
  eden space 248832K, 0% used [0x00000007aab00000,0x00000007aab00000,0x00000007b9e00000)
  from space 50176K, 99% used [0x00000007b9e00000,0x00000007bcefc080,0x00000007bcf00000)
  to   space 50176K, 0% used [0x00000007bcf00000,0x00000007bcf00000,0x00000007c0000000)
 ParOldGen       total 699392K, used 100609K [0x0000000780000000, 0x00000007aab00000, 0x00000007aab00000)
  object space 699392K, 14% used [0x0000000780000000,0x0000000786240450,0x00000007aab00000)
 Metaspace       used 92139K, capacity 92801K, committed 93056K, reserved 1126400K
  class space    used 16077K, capacity 16251K, committed 16256K, reserved 1048576K
}
Event: 14.876 GC heap before
{Heap before GC invocations=19 (full 5):
 PSYoungGen      total 299008K, used 298992K [0x00000007aab00000, 0x00000007c0000000, 0x00000007c0000000)
  eden space 248832K, 100% used [0x00000007aab00000,0x00000007b9e00000,0x00000007b9e00000)
  from space 50176K, 99% used [0x00000007b9e00000,0x00000007bcefc080,0x00000007bcf00000)
  to   space 50176K, 0% used [0x00000007bcf00000,0x00000007bcf00000,0x00000007c0000000)
 ParOldGen       total 699392K, used 100609K [0x0000000780000000, 0x00000007aab00000, 0x00000007aab00000)
  object space 699392K, 14% used [0x0000000780000000,0x0000000786240450,0x00000007aab00000)
 Metaspace       used 106211K, capacity 106903K, committed 107392K, reserved 1138688K
  class space    used 17740K, capacity 17962K, committed 18048K, reserved 1048576K
Event: 14.923 GC heap after
Heap after GC invocations=19 (full 5):
 PSYoungGen      total 242688K, used 50154K [0x00000007aab00000, 0x00000007c0000000, 0x00000007c0000000)
  eden space 192512K, 0% used [0x00000007aab00000,0x00000007aab00000,0x00000007b6700000)
  from space 50176K, 99% used [0x00000007bcf00000,0x00000007bfffa8b8,0x00000007c0000000)
  to   space 78336K, 0% used [0x00000007b6700000,0x00000007b6700000,0x00000007bb380000)
 ParOldGen       total 699392K, used 121667K [0x0000000780000000, 0x00000007aab00000, 0x00000007aab00000)
  object space 699392K, 17% used [0x0000000780000000,0x00000007876d0f18,0x00000007aab00000)
 Metaspace       used 106211K, capacity 106903K, committed 107392K, reserved 1138688K
  class space    used 17740K, capacity 17962K, committed 18048K, reserved 1048576K
}
Event: 16.001 GC heap before
{Heap before GC invocations=20 (full 5):
 PSYoungGen      total 242688K, used 234594K [0x00000007aab00000, 0x00000007c0000000, 0x00000007c0000000)
  eden space 192512K, 95% used [0x00000007aab00000,0x00000007b5f1e288,0x00000007b6700000)
  from space 50176K, 99% used [0x00000007bcf00000,0x00000007bfffa8b8,0x00000007c0000000)
  to   space 78336K, 0% used [0x00000007b6700000,0x00000007b6700000,0x00000007bb380000)
 ParOldGen       total 699392K, used 121667K [0x0000000780000000, 0x00000007aab00000, 0x00000007aab00000)
  object space 699392K, 17% used [0x0000000780000000,0x00000007876d0f18,0x00000007aab00000)
 Metaspace       used 118474K, capacity 119133K, committed 119468K, reserved 1148928K
  class space    used 19659K, capacity 19863K, committed 19884K, reserved 1048576K

Deoptimization events (10 events):
Event: 15.515 Thread 0x00007fbcc888a800 Uncommon trap: reason=unstable_if action=reinterpret pc=0x0000000105719d50 method=java.util.jar.JarFile.getManifestFromReference()Ljava/util/jar/Manifest; @ 32
Event: 15.521 Thread 0x00007fbcc3a37000 Uncommon trap: reason=class_check action=maybe_recompile pc=0x00000001043074d8 method=sun.nio.cs.StreamEncoder.writeBytes()V @ 120
Event: 15.522 Thread 0x00007fbcc3a37000 Uncommon trap: reason=class_check action=maybe_recompile pc=0x00000001043074d8 method=sun.nio.cs.StreamEncoder.writeBytes()V @ 120
Event: 15.554 Thread 0x00007fbcc888a800 Uncommon trap: reason=class_check action=maybe_recompile pc=0x0000000104a22cc0 method=java.util.HashMap.removeNode(ILjava/lang/Object;Ljava/lang/Object;ZZ)Ljava/util/HashMap$Node; @ 143
Event: 15.579 Thread 0x00007fbcc888a800 Uncommon trap: reason=unstable_if action=reinterpret pc=0x0000000104483464 method=java.net.URL.<init>(Ljava/net/URL;Ljava/lang/String;Ljava/net/URLStreamHandler;)V @ 347
Event: 15.598 Thread 0x00007fbcc888a800 Uncommon trap: reason=unstable_if action=reinterpret pc=0x0000000104b92eb8 method=java.lang.Long.parseLong(Ljava/lang/String;I)J @ 124
Event: 15.619 Thread 0x00007fbcc888a800 Uncommon trap: reason=bimorphic action=maybe_recompile pc=0x00000001049f3a9c method=java.util.Collections$UnmodifiableMap$UnmodifiableEntrySet$1.<init>(Ljava/util/Collections$UnmodifiableMap$UnmodifiableEntrySet;)V @ 17
Event: 15.668 Thread 0x00007fbcc888a800 Uncommon trap: reason=unstable_if action=reinterpret pc=0x000000010382bb48 method=java.lang.String.lastIndexOf([CII[CIII)I @ 17
Event: 15.689 Thread 0x00007fbcc888a800 Uncommon trap: reason=unstable_if action=reinterpret pc=0x0000000103943f04 method=java.net.URLClassLoader.isSealed(Ljava/lang/String;Ljava/util/jar/Manifest;)Z @ 26
Event: 15.856 Thread 0x00007fbcc888a800 Uncommon trap: reason=unstable_if action=reinterpret pc=0x000000010599aba0 method=java.util.jar.JarFile.getManifestFromReference()Ljava/util/jar/Manifest; @ 32

Internal exceptions (10 events):
Event: 13.927 Thread 0x00007fbcc888a800 Exception <a 'java/security/PrivilegedActionException'> (0x00000007b39697d8) thrown at [/Users/java_re/workspace/8-2-build-macosx-x86_64/jdk8u92/6642/hotspot/src/share/vm/prims/jvm.cpp, line 1386]
Event: 13.927 Thread 0x00007fbcc888a800 Exception <a 'java/security/PrivilegedActionException'> (0x00000007b396abd8) thrown at [/Users/java_re/workspace/8-2-build-macosx-x86_64/jdk8u92/6642/hotspot/src/share/vm/prims/jvm.cpp, line 1386]
Event: 13.927 Thread 0x00007fbcc888a800 Exception <a 'java/security/PrivilegedActionException'> (0x00000007b396afd0) thrown at [/Users/java_re/workspace/8-2-build-macosx-x86_64/jdk8u92/6642/hotspot/src/share/vm/prims/jvm.cpp, line 1386]
Event: 13.927 Thread 0x00007fbcc888a800 Exception <a 'java/security/PrivilegedActionException'> (0x00000007b39c9df0) thrown at [/Users/java_re/workspace/8-2-build-macosx-x86_64/jdk8u92/6642/hotspot/src/share/vm/prims/jvm.cpp, line 1386]
Event: 13.927 Thread 0x00007fbcc888a800 Exception <a 'java/security/PrivilegedActionException'> (0x00000007b39ca1e8) thrown at [/Users/java_re/workspace/8-2-build-macosx-x86_64/jdk8u92/6642/hotspot/src/share/vm/prims/jvm.cpp, line 1386]
Event: 13.927 Thread 0x00007fbcc888a800 Exception <a 'java/security/PrivilegedActionException'> (0x00000007b39d2350) thrown at [/Users/java_re/workspace/8-2-build-macosx-x86_64/jdk8u92/6642/hotspot/src/share/vm/prims/jvm.cpp, line 1386]
Event: 13.928 Thread 0x00007fbcc888a800 Exception <a 'java/security/PrivilegedActionException'> (0x00000007b39d2748) thrown at [/Users/java_re/workspace/8-2-build-macosx-x86_64/jdk8u92/6642/hotspot/src/share/vm/prims/jvm.cpp, line 1386]
Event: 14.205 Thread 0x00007fbcc888a800 Implicit null exception at 0x000000010409cb0a to 0x000000010409d111
Event: 15.396 Thread 0x00007fbcc888a800 Implicit null exception at 0x00000001044d884b to 0x00000001044d8f41
Event: 15.830 Thread 0x00007fbcc888a800 Exception <a 'java/lang/NoSuchMethodError': org.slf4j.impl.StaticMDCBinder.getSingleton()Lorg/slf4j/impl/StaticMDCBinder;> (0x00000007b42c5c30) thrown at [/Users/java_re/workspace/8-2-build-macosx-x86_64/jdk8u92/6642/hotspot/src/share/vm/interpreter/linkR

Events (10 events):
Event: 16.000 loading class com/google/inject/internal/UntargettedBindingImpl done
Event: 16.000 loading class com/google/inject/spi/UntargettedBinding
Event: 16.000 loading class com/google/inject/spi/UntargettedBinding done
Event: 16.001 loading class com/google/inject/internal/LinkedBindingImpl
Event: 16.001 loading class com/google/inject/internal/LinkedBindingImpl done
Event: 16.001 loading class com/google/inject/spi/LinkedKeyBinding
Event: 16.001 loading class com/google/inject/spi/LinkedKeyBinding done
Event: 16.001 loading class com/google/inject/spi/HasDependencies
Event: 16.001 loading class com/google/inject/spi/HasDependencies done
Event: 16.001 Executing VM operation: CollectForMetadataAllocation


Dynamic libraries:
0x00000000030f7000 	/System/Library/Frameworks/Cocoa.framework/Versions/A/Cocoa
0x00000000030f7000 	/System/Library/Frameworks/Security.framework/Versions/A/Security
0x00000000030f7000 	/System/Library/Frameworks/ApplicationServices.framework/Versions/A/ApplicationServices
0x00000000030f7000 	/usr/lib/libz.1.dylib
0x00000000030f7000 	/usr/lib/libSystem.B.dylib
0x00000000030f7000 	/usr/lib/libobjc.A.dylib
0x00000000030f7000 	/System/Library/Frameworks/CoreFoundation.framework/Versions/A/CoreFoundation
0x00000000030f7000 	/System/Library/Frameworks/Foundation.framework/Versions/C/Foundation
0x00000000030f7000 	/System/Library/Frameworks/AppKit.framework/Versions/C/AppKit
0x00000000030f7000 	/System/Library/Frameworks/CoreData.framework/Versions/A/CoreData
0x00000000030f7000 	/System/Library/PrivateFrameworks/RemoteViewServices.framework/Versions/A/RemoteViewServices
0x00000000030f7000 	/System/Library/PrivateFrameworks/UIFoundation.framework/Versions/A/UIFoundation
0x00000000030f7000 	/usr/lib/libScreenReader.dylib
0x00000000030f7000 	/System/Library/Frameworks/Accelerate.framework/Versions/A/Accelerate
0x00000000030f7000 	/System/Library/Frameworks/IOSurface.framework/Versions/A/IOSurface
0x00000000030f7000 	/System/Library/Frameworks/AudioToolbox.framework/Versions/A/AudioToolbox
0x00000000030f7000 	/System/Library/Frameworks/AudioUnit.framework/Versions/A/AudioUnit
0x00000000030f7000 	/System/Library/PrivateFrameworks/DataDetectorsCore.framework/Versions/A/DataDetectorsCore
0x00000000030f7000 	/System/Library/PrivateFrameworks/DesktopServicesPriv.framework/Versions/A/DesktopServicesPriv
0x00000000030f7000 	/System/Library/Frameworks/Carbon.framework/Versions/A/Frameworks/HIToolbox.framework/Versions/A/HIToolbox
0x00000000030f7000 	/System/Library/Frameworks/QuartzCore.framework/Versions/A/QuartzCore
0x00000000030f7000 	/System/Library/Frameworks/Carbon.framework/Versions/A/Frameworks/SpeechRecognition.framework/Versions/A/SpeechRecognition
0x00000000030f7000 	/usr/lib/libauto.dylib
0x00000000030f7000 	/usr/lib/libicucore.A.dylib
0x00000000030f7000 	/usr/lib/libxml2.2.dylib
0x00000000030f7000 	/System/Library/PrivateFrameworks/CoreUI.framework/Versions/A/CoreUI
0x00000000030f7000 	/System/Library/Frameworks/CoreAudio.framework/Versions/A/CoreAudio
0x00000000030f7000 	/System/Library/Frameworks/DiskArbitration.framework/Versions/A/DiskArbitration
0x00000000030f7000 	/usr/lib/liblangid.dylib
0x00000000030f7000 	/System/Library/PrivateFrameworks/MultitouchSupport.framework/Versions/A/MultitouchSupport
0x00000000030f7000 	/System/Library/Frameworks/IOKit.framework/Versions/A/IOKit
0x00000000030f7000 	/usr/lib/libDiagnosticMessagesClient.dylib
0x00000000030f7000 	/System/Library/Frameworks/CoreServices.framework/Versions/A/CoreServices
0x00000000030f7000 	/System/Library/PrivateFrameworks/PerformanceAnalysis.framework/Versions/A/PerformanceAnalysis
0x00000000030f7000 	/System/Library/PrivateFrameworks/GenerationalStorage.framework/Versions/A/GenerationalStorage
0x00000000030f7000 	/System/Library/Frameworks/OpenGL.framework/Versions/A/OpenGL
0x00000000030f7000 	/System/Library/PrivateFrameworks/Sharing.framework/Versions/A/Sharing
0x00000000030f7000 	/System/Library/Frameworks/CoreGraphics.framework/Versions/A/CoreGraphics
0x00000000030f7000 	/System/Library/Frameworks/CoreImage.framework/Versions/A/CoreImage
0x00000000030f7000 	/System/Library/Frameworks/CoreText.framework/Versions/A/CoreText
0x00000000030f7000 	/System/Library/Frameworks/ImageIO.framework/Versions/A/ImageIO
0x00000000030f7000 	/System/Library/PrivateFrameworks/Backup.framework/Versions/A/Backup
0x00000000030f7000 	/usr/lib/libextension.dylib
0x00000000030f7000 	/usr/lib/libarchive.2.dylib
0x00000000030f7000 	/System/Library/Frameworks/CFNetwork.framework/Versions/A/CFNetwork
0x00000000030f7000 	/System/Library/Frameworks/SystemConfiguration.framework/Versions/A/SystemConfiguration
0x00000000030f7000 	/usr/lib/libCRFSuite.dylib
0x00000000030f7000 	/usr/lib/libc++.1.dylib
0x00000000030f7000 	/usr/lib/libc++abi.dylib
0x00000000030f7000 	/usr/lib/system/libcache.dylib
0x00000000030f7000 	/usr/lib/system/libcommonCrypto.dylib
0x00000000030f7000 	/usr/lib/system/libcompiler_rt.dylib
0x00000000030f7000 	/usr/lib/system/libcopyfile.dylib
0x00000000030f7000 	/usr/lib/system/libcorecrypto.dylib
0x00000000030f7000 	/usr/lib/system/libdispatch.dylib
0x00000000030f7000 	/usr/lib/system/libdyld.dylib
0x00000000030f7000 	/usr/lib/system/libkeymgr.dylib
0x00000000030f7000 	/usr/lib/system/liblaunch.dylib
0x00000000030f7000 	/usr/lib/system/libmacho.dylib
0x00000000030f7000 	/usr/lib/system/libquarantine.dylib
0x00000000030f7000 	/usr/lib/system/libremovefile.dylib
0x00000000030f7000 	/usr/lib/system/libsystem_asl.dylib
0x00000000030f7000 	/usr/lib/system/libsystem_blocks.dylib
0x00000000030f7000 	/usr/lib/system/libsystem_c.dylib
0x00000000030f7000 	/usr/lib/system/libsystem_configuration.dylib
0x00000000030f7000 	/usr/lib/system/libsystem_coreservices.dylib
0x00000000030f7000 	/usr/lib/system/libsystem_coretls.dylib
0x00000000030f7000 	/usr/lib/system/libsystem_dnssd.dylib
0x00000000030f7000 	/usr/lib/system/libsystem_info.dylib
0x00000000030f7000 	/usr/lib/system/libsystem_kernel.dylib
0x00000000030f7000 	/usr/lib/system/libsystem_m.dylib
0x00000000030f7000 	/usr/lib/system/libsystem_malloc.dylib
0x00000000030f7000 	/usr/lib/system/libsystem_network.dylib
0x00000000030f7000 	/usr/lib/system/libsystem_networkextension.dylib
0x00000000030f7000 	/usr/lib/system/libsystem_notify.dylib
0x00000000030f7000 	/usr/lib/system/libsystem_platform.dylib
0x00000000030f7000 	/usr/lib/system/libsystem_pthread.dylib
0x00000000030f7000 	/usr/lib/system/libsystem_sandbox.dylib
0x00000000030f7000 	/usr/lib/system/libsystem_secinit.dylib
0x00000000030f7000 	/usr/lib/system/libsystem_trace.dylib
0x00000000030f7000 	/usr/lib/system/libunc.dylib
0x00000000030f7000 	/usr/lib/system/libunwind.dylib
0x00000000030f7000 	/usr/lib/system/libxpc.dylib
0x00000000030f7000 	/usr/lib/libenergytrace.dylib
0x00000000030f7000 	/usr/lib/libbsm.0.dylib
0x00000000030f7000 	/usr/lib/system/libkxld.dylib
0x00000000030f7000 	/usr/lib/libxar.1.dylib
0x00000000030f7000 	/usr/lib/libsqlite3.dylib
0x00000000030f7000 	/usr/lib/libpam.2.dylib
0x00000000030f7000 	/usr/lib/libOpenScriptingUtil.dylib
0x00000000030f7000 	/usr/lib/libbz2.1.0.dylib
0x00000000030f7000 	/usr/lib/liblzma.5.dylib
0x00000000030f7000 	/System/Library/Frameworks/CoreServices.framework/Versions/A/Frameworks/FSEvents.framework/Versions/A/FSEvents
0x00000000030f7000 	/System/Library/Frameworks/CoreServices.framework/Versions/A/Frameworks/CarbonCore.framework/Versions/A/CarbonCore
0x00000000030f7000 	/System/Library/Frameworks/CoreServices.framework/Versions/A/Frameworks/Metadata.framework/Versions/A/Metadata
0x00000000030f7000 	/System/Library/Frameworks/CoreServices.framework/Versions/A/Frameworks/OSServices.framework/Versions/A/OSServices
0x00000000030f7000 	/System/Library/Frameworks/CoreServices.framework/Versions/A/Frameworks/SearchKit.framework/Versions/A/SearchKit
0x00000000030f7000 	/System/Library/Frameworks/CoreServices.framework/Versions/A/Frameworks/AE.framework/Versions/A/AE
0x00000000030f7000 	/System/Library/Frameworks/CoreServices.framework/Versions/A/Frameworks/LaunchServices.framework/Versions/A/LaunchServices
0x00000000030f7000 	/System/Library/Frameworks/CoreServices.framework/Versions/A/Frameworks/DictionaryServices.framework/Versions/A/DictionaryServices
0x00000000030f7000 	/System/Library/Frameworks/CoreServices.framework/Versions/A/Frameworks/SharedFileList.framework/Versions/A/SharedFileList
0x00000000030f7000 	/System/Library/Frameworks/NetFS.framework/Versions/A/NetFS
0x00000000030f7000 	/System/Library/PrivateFrameworks/NetAuth.framework/Versions/A/NetAuth
0x00000000030f7000 	/System/Library/PrivateFrameworks/login.framework/Versions/A/Frameworks/loginsupport.framework/Versions/A/loginsupport
0x00000000030f7000 	/System/Library/PrivateFrameworks/TCC.framework/Versions/A/TCC
0x00000000030f7000 	/usr/lib/libmecabra.dylib
0x00000000030f7000 	/System/Library/Frameworks/ApplicationServices.framework/Versions/A/Frameworks/ATS.framework/Versions/A/ATS
0x00000000030f7000 	/System/Library/Frameworks/ApplicationServices.framework/Versions/A/Frameworks/ColorSync.framework/Versions/A/ColorSync
0x00000000030f7000 	/System/Library/Frameworks/ApplicationServices.framework/Versions/A/Frameworks/HIServices.framework/Versions/A/HIServices
0x00000000030f7000 	/System/Library/Frameworks/ApplicationServices.framework/Versions/A/Frameworks/LangAnalysis.framework/Versions/A/LangAnalysis
0x00000000030f7000 	/System/Library/Frameworks/ApplicationServices.framework/Versions/A/Frameworks/PrintCore.framework/Versions/A/PrintCore
0x00000000030f7000 	/System/Library/Frameworks/ApplicationServices.framework/Versions/A/Frameworks/QD.framework/Versions/A/QD
0x00000000030f7000 	/System/Library/Frameworks/ApplicationServices.framework/Versions/A/Frameworks/SpeechSynthesis.framework/Versions/A/SpeechSynthesis
0x00000000030f7000 	/System/Library/Frameworks/Metal.framework/Versions/A/Metal
0x00000000030f7000 	/System/Library/Frameworks/Accelerate.framework/Versions/A/Frameworks/vImage.framework/Versions/A/vImage
0x00000000030f7000 	/System/Library/Frameworks/Accelerate.framework/Versions/A/Frameworks/vecLib.framework/Versions/A/vecLib
0x00000000030f7000 	/System/Library/Frameworks/Accelerate.framework/Versions/A/Frameworks/vecLib.framework/Versions/A/libvDSP.dylib
0x00000000030f7000 	/System/Library/Frameworks/Accelerate.framework/Versions/A/Frameworks/vecLib.framework/Versions/A/libvMisc.dylib
0x00000000030f7000 	/System/Library/Frameworks/Accelerate.framework/Versions/A/Frameworks/vecLib.framework/Versions/A/libLAPACK.dylib
0x00000000030f7000 	/System/Library/Frameworks/Accelerate.framework/Versions/A/Frameworks/vecLib.framework/Versions/A/libBLAS.dylib
0x00000000030f7000 	/System/Library/Frameworks/Accelerate.framework/Versions/A/Frameworks/vecLib.framework/Versions/A/libLinearAlgebra.dylib
0x00000000030f7000 	/System/Library/Frameworks/Accelerate.framework/Versions/A/Frameworks/vecLib.framework/Versions/A/libSparseBLAS.dylib
0x00000000030f7000 	/System/Library/PrivateFrameworks/GPUCompiler.framework/libmetal_timestamp.dylib
0x00000000030f7000 	/System/Library/Frameworks/OpenGL.framework/Versions/A/Libraries/libCoreFSCache.dylib
0x00000000030f7000 	/System/Library/PrivateFrameworks/IOAccelerator.framework/Versions/A/IOAccelerator
0x00000000030f7000 	/System/Library/Frameworks/ApplicationServices.framework/Versions/A/Frameworks/ATS.framework/Versions/A/Resources/libFontParser.dylib
0x00000000030f7000 	/System/Library/Frameworks/ApplicationServices.framework/Versions/A/Frameworks/ATS.framework/Versions/A/Resources/libFontRegistry.dylib
0x00000000030f7000 	/System/Library/PrivateFrameworks/AppleVPA.framework/Versions/A/AppleVPA
0x00000000030f7000 	/System/Library/PrivateFrameworks/AppleJPEG.framework/Versions/A/AppleJPEG
0x00000000030f7000 	/System/Library/Frameworks/ImageIO.framework/Versions/A/Resources/libJPEG.dylib
0x00000000030f7000 	/System/Library/Frameworks/ImageIO.framework/Versions/A/Resources/libTIFF.dylib
0x00000000030f7000 	/System/Library/Frameworks/ImageIO.framework/Versions/A/Resources/libPng.dylib
0x00000000030f7000 	/System/Library/Frameworks/ImageIO.framework/Versions/A/Resources/libGIF.dylib
0x00000000030f7000 	/System/Library/Frameworks/ImageIO.framework/Versions/A/Resources/libJP2.dylib
0x00000000030f7000 	/System/Library/Frameworks/ImageIO.framework/Versions/A/Resources/libRadiance.dylib
0x00000000030f7000 	/System/Library/Frameworks/CoreVideo.framework/Versions/A/CoreVideo
0x00000000030f7000 	/System/Library/Frameworks/OpenGL.framework/Versions/A/Libraries/libGLU.dylib
0x00000000030f7000 	/System/Library/Frameworks/OpenGL.framework/Versions/A/Libraries/libGFXShared.dylib
0x00000000030f7000 	/System/Library/Frameworks/OpenGL.framework/Versions/A/Libraries/libGL.dylib
0x00000000030f7000 	/System/Library/Frameworks/OpenGL.framework/Versions/A/Libraries/libGLImage.dylib
0x00000000030f7000 	/System/Library/Frameworks/OpenGL.framework/Versions/A/Libraries/libCVMSPluginSupport.dylib
0x00000000030f7000 	/System/Library/Frameworks/OpenGL.framework/Versions/A/Libraries/libCoreVMClient.dylib
0x00000000030f7000 	/usr/lib/libcompression.dylib
0x00000000030f7000 	/usr/lib/libcups.2.dylib
0x00000000030f7000 	/System/Library/Frameworks/Kerberos.framework/Versions/A/Kerberos
0x00000000030f7000 	/System/Library/Frameworks/GSS.framework/Versions/A/GSS
0x00000000030f7000 	/usr/lib/libresolv.9.dylib
0x00000000030f7000 	/usr/lib/libiconv.2.dylib
0x00000000030f7000 	/System/Library/PrivateFrameworks/Heimdal.framework/Versions/A/Heimdal
0x00000000030f7000 	/usr/lib/libheimdal-asn1.dylib
0x00000000030f7000 	/System/Library/Frameworks/OpenDirectory.framework/Versions/A/OpenDirectory
0x00000000030f7000 	/System/Library/PrivateFrameworks/CommonAuth.framework/Versions/A/CommonAuth
0x00000000030f7000 	/System/Library/Frameworks/OpenDirectory.framework/Versions/A/Frameworks/CFOpenDirectory.framework/Versions/A/CFOpenDirectory
0x00000000030f7000 	/System/Library/Frameworks/SecurityFoundation.framework/Versions/A/SecurityFoundation
0x00000000030f7000 	/System/Library/PrivateFrameworks/LanguageModeling.framework/Versions/A/LanguageModeling
0x00000000030f7000 	/usr/lib/libmarisa.dylib
0x00000000030f7000 	/usr/lib/libChineseTokenizer.dylib
0x00000000030f7000 	/usr/lib/libcmph.dylib
0x00000000030f7000 	/System/Library/Frameworks/ServiceManagement.framework/Versions/A/ServiceManagement
0x00000000030f7000 	/usr/lib/libxslt.1.dylib
0x00000000030f7000 	/System/Library/Frameworks/Carbon.framework/Versions/A/Frameworks/Ink.framework/Versions/A/Ink
0x00000000030f7000 	/usr/lib/libFosl_dynamic.dylib
0x00000000030f7000 	/System/Library/PrivateFrameworks/FaceCore.framework/Versions/A/FaceCore
0x00000000030f7000 	/System/Library/Frameworks/OpenCL.framework/Versions/A/OpenCL
0x00000000030f7000 	/System/Library/PrivateFrameworks/CrashReporterSupport.framework/Versions/A/CrashReporterSupport
0x00000000030f7000 	/System/Library/PrivateFrameworks/IconServices.framework/Versions/A/IconServices
0x00000000030f7000 	/System/Library/PrivateFrameworks/Apple80211.framework/Versions/A/Apple80211
0x00000000030f7000 	/System/Library/Frameworks/CoreWLAN.framework/Versions/A/CoreWLAN
0x00000000030f7000 	/System/Library/Frameworks/IOBluetooth.framework/Versions/A/IOBluetooth
0x00000000030f7000 	/System/Library/PrivateFrameworks/CoreWiFi.framework/Versions/A/CoreWiFi
0x00000000030f7000 	/System/Library/Frameworks/CoreBluetooth.framework/Versions/A/CoreBluetooth
0x00000000030f7000 	/System/Library/PrivateFrameworks/ChunkingLibrary.framework/Versions/A/ChunkingLibrary
0x00000000030f7000 	/System/Library/PrivateFrameworks/DebugSymbols.framework/Versions/A/DebugSymbols
0x00000000030f7000 	/System/Library/PrivateFrameworks/CoreSymbolication.framework/Versions/A/CoreSymbolication
0x00000000030f7000 	/System/Library/PrivateFrameworks/Symbolication.framework/Versions/A/Symbolication
0x00000000030f7000 	/System/Library/PrivateFrameworks/SpeechRecognitionCore.framework/Versions/A/SpeechRecognitionCore
0x0000000102600000 	/Library/Java/JavaVirtualMachines/jdk1.8.0_92.jdk/Contents/Home/jre/lib/server/libjvm.dylib
0x00000000030f7000 	/usr/lib/libstdc++.6.dylib
0x00000001014e2000 	/Library/Java/JavaVirtualMachines/jdk1.8.0_92.jdk/Contents/Home/jre/lib/libverify.dylib
0x00000001014f0000 	/Library/Java/JavaVirtualMachines/jdk1.8.0_92.jdk/Contents/Home/jre/lib/libjava.dylib
0x000000010152f000 	/Library/Java/JavaVirtualMachines/jdk1.8.0_92.jdk/Contents/Home/jre/lib/libzip.dylib
0x0000000110368000 	/System/Library/Frameworks/JavaVM.framework/Frameworks/JavaRuntimeSupport.framework/JavaRuntimeSupport
0x0000000110383000 	/System/Library/Frameworks/JavaVM.framework/Versions/A/Frameworks/JavaNativeFoundation.framework/Versions/A/JavaNativeFoundation
0x0000000110398000 	/System/Library/Frameworks/JavaVM.framework/Versions/A/JavaVM
0x00000000030f7000 	/System/Library/Frameworks/Carbon.framework/Versions/A/Carbon
0x00000001103a5000 	/System/Library/PrivateFrameworks/JavaLaunching.framework/Versions/A/JavaLaunching
0x00000000030f7000 	/System/Library/Frameworks/Carbon.framework/Versions/A/Frameworks/CommonPanels.framework/Versions/A/CommonPanels
0x00000000030f7000 	/System/Library/Frameworks/Carbon.framework/Versions/A/Frameworks/Help.framework/Versions/A/Help
0x00000000030f7000 	/System/Library/Frameworks/Carbon.framework/Versions/A/Frameworks/ImageCapture.framework/Versions/A/ImageCapture
0x00000000030f7000 	/System/Library/Frameworks/Carbon.framework/Versions/A/Frameworks/OpenScripting.framework/Versions/A/OpenScripting
0x00000000030f7000 	/System/Library/Frameworks/Carbon.framework/Versions/A/Frameworks/Print.framework/Versions/A/Print
0x00000000030f7000 	/System/Library/Frameworks/Carbon.framework/Versions/A/Frameworks/SecurityHI.framework/Versions/A/SecurityHI
0x0000000111ce2000 	/Library/Java/JavaVirtualMachines/jdk1.8.0_92.jdk/Contents/Home/jre/lib/libnet.dylib
0x0000000111d41000 	/Library/Java/JavaVirtualMachines/jdk1.8.0_92.jdk/Contents/Home/jre/lib/libnio.dylib

VM Arguments:
jvm_args: -Xms1024m -Xmx1024m -XX:ReservedCodeCacheSize=128m -XX:MaxMetaspaceSize=1G 
java_command: /usr/local/Cellar/sbt/0.13.11/libexec/sbt-launch.jar test
java_class_path (initial): /usr/local/Cellar/sbt/0.13.11/libexec/sbt-launch.jar
Launcher Type: SUN_STANDARD

Environment Variables:
JAVA_HOME=/Library/Java/JavaVirtualMachines/jdk1.8.0_92.jdk/Contents/Home
PATH=/Users/Nick/bin:/usr/local/bin:/usr/bin:/bin:/usr/sbin:/sbin:/usr/local/bin:/usr/local/share/dotnet
SHELL=/bin/bash

Signal Handlers:
SIGSEGV: [libjvm.dylib+0x5aa779], sa_mask[0]=11111111011111110111111111111111, sa_flags=SA_ONSTACK|SA_RESTART|SA_SIGINFO
SIGBUS: [libjvm.dylib+0x5aa779], sa_mask[0]=11111111011111110111111111111111, sa_flags=SA_RESTART|SA_SIGINFO
SIGFPE: [libjvm.dylib+0x4831d0], sa_mask[0]=11111111011111110111111111111111, sa_flags=SA_RESTART|SA_SIGINFO
SIGPIPE: [libjvm.dylib+0x4831d0], sa_mask[0]=11111111011111110111111111111111, sa_flags=SA_RESTART|SA_SIGINFO
SIGXFSZ: [libjvm.dylib+0x4831d0], sa_mask[0]=11111111011111110111111111111111, sa_flags=SA_RESTART|SA_SIGINFO
SIGILL: [libjvm.dylib+0x4831d0], sa_mask[0]=11111111011111110111111111111111, sa_flags=SA_RESTART|SA_SIGINFO
SIGUSR1: SIG_DFL, sa_mask[0]=11011111011111100000000111000110, sa_flags=none
SIGUSR2: [libjvm.dylib+0x482cee], sa_mask[0]=00000000000000000000000000000000, sa_flags=SA_RESTART|SA_SIGINFO
SIGHUP: [libjvm.dylib+0x4812c5], sa_mask[0]=11111111011111110111111111111111, sa_flags=SA_RESTART|SA_SIGINFO
SIGINT: [libjvm.dylib+0x4812c5], sa_mask[0]=11111111011111110111111111111111, sa_flags=SA_RESTART|SA_SIGINFO
SIGTERM: [libjvm.dylib+0x4812c5], sa_mask[0]=11111111011111110111111111111111, sa_flags=SA_RESTART|SA_SIGINFO
SIGQUIT: [libjvm.dylib+0x4812c5], sa_mask[0]=11111111011111110111111111111111, sa_flags=SA_RESTART|SA_SIGINFO


---------------  S Y S T E M  ---------------

OS:Bsduname:Darwin 15.6.0 Darwin Kernel Version 15.6.0: Thu Jun 23 18:25:34 PDT 2016; root:xnu-3248.60.10~1/RELEASE_X86_64 x86_64
rlimit: STACK 8192k, CORE 0k, NPROC 709, NOFILE 10240, AS infinity
load average:4.44 3.72 3.41

CPU:total 8 (4 cores per cpu, 2 threads per core) family 6 model 70 stepping 1, cmov, cx8, fxsr, mmx, sse, sse2, sse3, ssse3, sse4.1, sse4.2, popcnt, avx, avx2, aes, clmul, erms, rtm, lzcnt, ht, tsc, tscinvbit, bmi1, bmi2

Memory: 4k page, physical 16777216k(33092k free)

/proc/meminfo:


vm_info: Java HotSpot(TM) 64-Bit Server VM (25.92-b14) for bsd-amd64 JRE (1.8.0_92-b14), built on Mar 31 2016 21:23:14 by "java_re" with gcc 4.2.1 (Based on Apple Inc. build 5658) (LLVM build 2336.11.00)

time: Wed Feb  1 10:29:29 2017
elapsed time: 16 seconds (0d 0h 0m 16s)

